Determining if the Q_WS_WIN exist failed with the following output:
Change Dir: /fs03/share/users/brice.tiki-abane/home/Bureau/tp_skinning/project/CMakeFiles/CMakeTmp

Run Build Command:/usr/bin/make "cmTryCompileExec1845169737/fast"
/usr/bin/make -f CMakeFiles/cmTryCompileExec1845169737.dir/build.make CMakeFiles/cmTryCompileExec1845169737.dir/build
make[1]: entrant dans le répertoire « /fs03/share/users/brice.tiki-abane/home/Bureau/tp_skinning/project/CMakeFiles/CMakeTmp »
/usr/bin/cmake -E cmake_progress_report /fs03/share/users/brice.tiki-abane/home/Bureau/tp_skinning/project/CMakeFiles/CMakeTmp/CMakeFiles 1
Building CXX object CMakeFiles/cmTryCompileExec1845169737.dir/CheckSymbolExists.cxx.o
/usr/bin/c++    -I/usr/include/qt4    -o CMakeFiles/cmTryCompileExec1845169737.dir/CheckSymbolExists.cxx.o -c /fs03/share/users/brice.tiki-abane/home/Bureau/tp_skinning/project/CMakeFiles/CMakeTmp/CheckSymbolExists.cxx
/fs03/share/users/brice.tiki-abane/home/Bureau/tp_skinning/project/CMakeFiles/CMakeTmp/CheckSymbolExists.cxx: In function ‘int main(int, char**)’:
/fs03/share/users/brice.tiki-abane/home/Bureau/tp_skinning/project/CMakeFiles/CMakeTmp/CheckSymbolExists.cxx:8:19: error: ‘Q_WS_WIN’ was not declared in this scope
   return ((int*)(&Q_WS_WIN))[argc];
                   ^
make[1]: *** [CMakeFiles/cmTryCompileExec1845169737.dir/CheckSymbolExists.cxx.o] Erreur 1
make[1]: quittant le répertoire « /fs03/share/users/brice.tiki-abane/home/Bureau/tp_skinning/project/CMakeFiles/CMakeTmp »
make: *** [cmTryCompileExec1845169737/fast] Erreur 2

File /fs03/share/users/brice.tiki-abane/home/Bureau/tp_skinning/project/CMakeFiles/CMakeTmp/CheckSymbolExists.cxx:
/* */
#include <QtCore/qglobal.h>

int main(int argc, char** argv)
{
  (void)argv;
#ifndef Q_WS_WIN
  return ((int*)(&Q_WS_WIN))[argc];
#else
  (void)argc;
  return 0;
#endif
}

Determining if the Q_WS_QWS exist failed with the following output:
Change Dir: /fs03/share/users/brice.tiki-abane/home/Bureau/tp_skinning/project/CMakeFiles/CMakeTmp

Run Build Command:/usr/bin/make "cmTryCompileExec4013319576/fast"
/usr/bin/make -f CMakeFiles/cmTryCompileExec4013319576.dir/build.make CMakeFiles/cmTryCompileExec4013319576.dir/build
make[1]: entrant dans le répertoire « /fs03/share/users/brice.tiki-abane/home/Bureau/tp_skinning/project/CMakeFiles/CMakeTmp »
/usr/bin/cmake -E cmake_progress_report /fs03/share/users/brice.tiki-abane/home/Bureau/tp_skinning/project/CMakeFiles/CMakeTmp/CMakeFiles 1
Building CXX object CMakeFiles/cmTryCompileExec4013319576.dir/CheckSymbolExists.cxx.o
/usr/bin/c++    -I/usr/include/qt4    -o CMakeFiles/cmTryCompileExec4013319576.dir/CheckSymbolExists.cxx.o -c /fs03/share/users/brice.tiki-abane/home/Bureau/tp_skinning/project/CMakeFiles/CMakeTmp/CheckSymbolExists.cxx
/fs03/share/users/brice.tiki-abane/home/Bureau/tp_skinning/project/CMakeFiles/CMakeTmp/CheckSymbolExists.cxx: In function ‘int main(int, char**)’:
/fs03/share/users/brice.tiki-abane/home/Bureau/tp_skinning/project/CMakeFiles/CMakeTmp/CheckSymbolExists.cxx:8:19: error: ‘Q_WS_QWS’ was not declared in this scope
   return ((int*)(&Q_WS_QWS))[argc];
                   ^
make[1]: *** [CMakeFiles/cmTryCompileExec4013319576.dir/CheckSymbolExists.cxx.o] Erreur 1
make[1]: quittant le répertoire « /fs03/share/users/brice.tiki-abane/home/Bureau/tp_skinning/project/CMakeFiles/CMakeTmp »
make: *** [cmTryCompileExec4013319576/fast] Erreur 2

File /fs03/share/users/brice.tiki-abane/home/Bureau/tp_skinning/project/CMakeFiles/CMakeTmp/CheckSymbolExists.cxx:
/* */
#include <QtCore/qglobal.h>

int main(int argc, char** argv)
{
  (void)argv;
#ifndef Q_WS_QWS
  return ((int*)(&Q_WS_QWS))[argc];
#else
  (void)argc;
  return 0;
#endif
}

Determining if the Q_WS_MAC exist failed with the following output:
Change Dir: /fs03/share/users/brice.tiki-abane/home/Bureau/tp_skinning/project/CMakeFiles/CMakeTmp

Run Build Command:/usr/bin/make "cmTryCompileExec559273374/fast"
/usr/bin/make -f CMakeFiles/cmTryCompileExec559273374.dir/build.make CMakeFiles/cmTryCompileExec559273374.dir/build
make[1]: entrant dans le répertoire « /fs03/share/users/brice.tiki-abane/home/Bureau/tp_skinning/project/CMakeFiles/CMakeTmp »
/usr/bin/cmake -E cmake_progress_report /fs03/share/users/brice.tiki-abane/home/Bureau/tp_skinning/project/CMakeFiles/CMakeTmp/CMakeFiles 1
Building CXX object CMakeFiles/cmTryCompileExec559273374.dir/CheckSymbolExists.cxx.o
/usr/bin/c++    -I/usr/include/qt4    -o CMakeFiles/cmTryCompileExec559273374.dir/CheckSymbolExists.cxx.o -c /fs03/share/users/brice.tiki-abane/home/Bureau/tp_skinning/project/CMakeFiles/CMakeTmp/CheckSymbolExists.cxx
/fs03/share/users/brice.tiki-abane/home/Bureau/tp_skinning/project/CMakeFiles/CMakeTmp/CheckSymbolExists.cxx: In function ‘int main(int, char**)’:
/fs03/share/users/brice.tiki-abane/home/Bureau/tp_skinning/project/CMakeFiles/CMakeTmp/CheckSymbolExists.cxx:8:19: error: ‘Q_WS_MAC’ was not declared in this scope
   return ((int*)(&Q_WS_MAC))[argc];
                   ^
make[1]: *** [CMakeFiles/cmTryCompileExec559273374.dir/CheckSymbolExists.cxx.o] Erreur 1
make[1]: quittant le répertoire « /fs03/share/users/brice.tiki-abane/home/Bureau/tp_skinning/project/CMakeFiles/CMakeTmp »
make: *** [cmTryCompileExec559273374/fast] Erreur 2

File /fs03/share/users/brice.tiki-abane/home/Bureau/tp_skinning/project/CMakeFiles/CMakeTmp/CheckSymbolExists.cxx:
/* */
#include <QtCore/qglobal.h>

int main(int argc, char** argv)
{
  (void)argv;
#ifndef Q_WS_MAC
  return ((int*)(&Q_WS_MAC))[argc];
#else
  (void)argc;
  return 0;
#endif
}

